<?xml version="1.0" encoding="UTF-8"?>
<!-- Generated by org.testng.reporters.JUnitReportReporter -->
<testsuite skipped="0" hostname="Fargabs-MacBook-Pro.local" name="auto.AutoTest" tests="2" failures="0" timestamp="2022-11-10T20:03:56 EST" time="80.791" errors="1">
  <testcase name="autoQuote" time="80.791" classname="auto.AutoTest"/>
  <system-out>
    <![CDATA[[[ChromeDriver: chrome on MAC (d8e2c82a41773e2a5de1d9dd0a19dba9)] -> xpath: //input[@id='quote-main-zip-code-input']]:has been passed to --->[[ChromeDriver: chrome on MAC (d8e2c82a41773e2a5de1d9dd0a19dba9)] -> xpath: //input[@id='quote-main-zip-code-input']]<br>
[[ChromeDriver: chrome on MAC (d8e2c82a41773e2a5de1d9dd0a19dba9)] -> xpath: //select[@id='popDropdown']]:has been passed to --->[[ChromeDriver: chrome on MAC (d8e2c82a41773e2a5de1d9dd0a19dba9)] -> xpath: //select[@id='popDropdown']]<br>
[[ChromeDriver: chrome on MAC (d8e2c82a41773e2a5de1d9dd0a19dba9)] -> id: quote-main-zip-btn]:has been click --->[[ChromeDriver: chrome on MAC (d8e2c82a41773e2a5de1d9dd0a19dba9)] -> id: quote-main-zip-btn]<br>
[[ChromeDriver: chrome on MAC (d8e2c82a41773e2a5de1d9dd0a19dba9)] -> xpath: //input[@id='firstName']]:has been passed to --->[[ChromeDriver: chrome on MAC (d8e2c82a41773e2a5de1d9dd0a19dba9)] -> xpath: //input[@id='firstName']]<br>
[[ChromeDriver: chrome on MAC (d8e2c82a41773e2a5de1d9dd0a19dba9)] -> xpath: //input[@id='lastName']]:has been passed to --->[[ChromeDriver: chrome on MAC (d8e2c82a41773e2a5de1d9dd0a19dba9)] -> xpath: //input[@id='lastName']]<br>
[[ChromeDriver: chrome on MAC (d8e2c82a41773e2a5de1d9dd0a19dba9)] -> xpath: //input[@name='riskLocationAddress.street']]:has been passed to --->[[ChromeDriver: chrome on MAC (d8e2c82a41773e2a5de1d9dd0a19dba9)] -> xpath: //input[@name='riskLocationAddress.street']]<br>
[[ChromeDriver: chrome on MAC (d8e2c82a41773e2a5de1d9dd0a19dba9)] -> xpath: //input[@name='riskLocationAddress.street2']]:has been passed to --->[[ChromeDriver: chrome on MAC (d8e2c82a41773e2a5de1d9dd0a19dba9)] -> xpath: //input[@name='riskLocationAddress.street2']]<br>
[[ChromeDriver: chrome on MAC (d8e2c82a41773e2a5de1d9dd0a19dba9)] -> xpath: //input[@id='dateOfBirth']]:has been passed to --->[[ChromeDriver: chrome on MAC (d8e2c82a41773e2a5de1d9dd0a19dba9)] -> xpath: //input[@id='dateOfBirth']]<br>
[[ChromeDriver: chrome on MAC (d8e2c82a41773e2a5de1d9dd0a19dba9)] -> id: optclosebtn]:has been click --->[[ChromeDriver: chrome on MAC (d8e2c82a41773e2a5de1d9dd0a19dba9)] -> id: optclosebtn]<br>]]>
  </system-out>
  <testcase name="autoQuoteParameter" time="0.000" classname="auto.AutoTest">
    <error type="org.testng.TestNGException" message="
Parameter &#039;zipCode&#039; is required by @Test on method autoQuoteParameter but has not been marked @Optional or defined
in /private/var/folders/dz/6njryvc96lx77m5kzzch6gqr0000gn/T/testng-eclipse--1475699966/testng-customsuite.xml">
      <![CDATA[org.testng.TestNGException: 
Parameter 'zipCode' is required by @Test on method autoQuoteParameter but has not been marked @Optional or defined
in /private/var/folders/dz/6njryvc96lx77m5kzzch6gqr0000gn/T/testng-eclipse--1475699966/testng-customsuite.xml
at org.testng.internal.Parameters.createParams(Parameters.java:267)
at org.testng.internal.Parameters.createParametersForMethod(Parameters.java:355)
at org.testng.internal.Parameters.createParameters(Parameters.java:660)
at org.testng.internal.Parameters.handleParameters(Parameters.java:856)
at org.testng.internal.Parameters.handleParameters(Parameters.java:704)
at org.testng.internal.invokers.ParameterHandler.handleParameters(ParameterHandler.java:70)
at org.testng.internal.invokers.ParameterHandler.createParameters(ParameterHandler.java:49)
at org.testng.internal.invokers.TestInvoker$MethodInvocationAgent.invoke(TestInvoker.java:904)
at org.testng.internal.invokers.TestInvoker.invokeTestMethods(TestInvoker.java:193)
at org.testng.internal.invokers.TestMethodWorker.invokeTestMethods(TestMethodWorker.java:146)
at org.testng.internal.invokers.TestMethodWorker.run(TestMethodWorker.java:128)
at java.util.ArrayList.forEach(ArrayList.java:1259)
at org.testng.TestRunner.privateRun(TestRunner.java:808)
at org.testng.TestRunner.run(TestRunner.java:603)
at org.testng.SuiteRunner.runTest(SuiteRunner.java:429)
at org.testng.SuiteRunner.runSequentially(SuiteRunner.java:423)
at org.testng.SuiteRunner.privateRun(SuiteRunner.java:383)
at org.testng.SuiteRunner.run(SuiteRunner.java:326)
at org.testng.SuiteRunnerWorker.runSuite(SuiteRunnerWorker.java:52)
at org.testng.SuiteRunnerWorker.run(SuiteRunnerWorker.java:95)
at org.testng.TestNG.runSuitesSequentially(TestNG.java:1249)
at org.testng.TestNG.runSuitesLocally(TestNG.java:1169)
at org.testng.TestNG.runSuites(TestNG.java:1092)
at org.testng.TestNG.run(TestNG.java:1060)
at org.testng.remote.AbstractRemoteTestNG.run(AbstractRemoteTestNG.java:115)
at org.testng.remote.RemoteTestNG.initAndRun(RemoteTestNG.java:251)
at org.testng.remote.RemoteTestNG.main(RemoteTestNG.java:77)
]]>
    </error>
  </testcase> <!-- autoQuoteParameter -->
  <system-out/>
</testsuite> <!-- auto.AutoTest -->
